CRITICAL - 2022-11-30 06:21:19 --> syntax error, unexpected token "if"
in APPPATH/Config/Routes.php on line 71.
 1 SYSTEMPATH/CodeIgniter.php(430): CodeIgniter\CodeIgniter->tryToRouteIt(null)
 2 SYSTEMPATH/CodeIgniter.php(351): CodeIgniter\CodeIgniter->handleRequest(null, Object(Config\Cache), false)
 3 FCPATH/index.php(67): CodeIgniter\CodeIgniter->run()
ERROR - 2022-11-30 06:34:11 --> Error connecting to the database: ErrorException: mysqli::real_connect(): php_network_getaddresses: getaddrinfo failed: Name or service not known in /var/www/html/codeigniter4/system/Database/MySQLi/Connection.php:171
Stack trace:
#0 [internal function]: CodeIgniter\Debug\Exceptions->errorHandler(2, 'mysqli::real_co...', '/var/www/html/c...', 171)
#1 /var/www/html/codeigniter4/system/Database/MySQLi/Connection.php(171): mysqli->real_connect('db', 'root', '1q2w3e4r5t', 'pw_exemple', 3306, '', 0)
#2 /var/www/html/codeigniter4/system/Database/BaseConnection.php(382): CodeIgniter\Database\MySQLi\Connection->connect(false)
#3 /var/www/html/codeigniter4/system/Database/BaseConnection.php(561): CodeIgniter\Database\BaseConnection->initialize()
#4 /var/www/html/codeigniter4/system/Database/BaseBuilder.php(1585): CodeIgniter\Database\BaseConnection->query('SELECT *\nFROM `...', Array, false)
#5 /var/www/html/codeigniter4/system/Model.php(223): CodeIgniter\Database\BaseBuilder->get()
#6 /var/www/html/codeigniter4/system/BaseModel.php(585): CodeIgniter\Model->doFindAll(0, 0)
#7 /var/www/html/codeigniter4/app/Controllers/Client.php(17): CodeIgniter\BaseModel->findAll()
#8 /var/www/html/codeigniter4/system/CodeIgniter.php(927): App\Controllers\Client->listClients()
#9 /var/www/html/codeigniter4/system/CodeIgniter.php(482): CodeIgniter\CodeIgniter->runController(Object(App\Controllers\Client))
#10 /var/www/html/codeigniter4/system/CodeIgniter.php(351): CodeIgniter\CodeIgniter->handleRequest(NULL, Object(Config\Cache), false)
#11 /var/www/html/codeigniter4/public/index.php(67): CodeIgniter\CodeIgniter->run()
#12 {main}

Next mysqli_sql_exception: php_network_getaddresses: getaddrinfo failed: Name or service not known in /var/www/html/codeigniter4/system/Database/MySQLi/Connection.php:171
Stack trace:
#0 /var/www/html/codeigniter4/system/Database/MySQLi/Connection.php(171): mysqli->real_connect('db', 'root', '1q2w3e4r5t', 'pw_exemple', 3306, '', 0)
#1 /var/www/html/codeigniter4/system/Database/BaseConnection.php(382): CodeIgniter\Database\MySQLi\Connection->connect(false)
#2 /var/www/html/codeigniter4/system/Database/BaseConnection.php(561): CodeIgniter\Database\BaseConnection->initialize()
#3 /var/www/html/codeigniter4/system/Database/BaseBuilder.php(1585): CodeIgniter\Database\BaseConnection->query('SELECT *\nFROM `...', Array, false)
#4 /var/www/html/codeigniter4/system/Model.php(223): CodeIgniter\Database\BaseBuilder->get()
#5 /var/www/html/codeigniter4/system/BaseModel.php(585): CodeIgniter\Model->doFindAll(0, 0)
#6 /var/www/html/codeigniter4/app/Controllers/Client.php(17): CodeIgniter\BaseModel->findAll()
#7 /var/www/html/codeigniter4/system/CodeIgniter.php(927): App\Controllers\Client->listClients()
#8 /var/www/html/codeigniter4/system/CodeIgniter.php(482): CodeIgniter\CodeIgniter->runController(Object(App\Controllers\Client))
#9 /var/www/html/codeigniter4/system/CodeIgniter.php(351): CodeIgniter\CodeIgniter->handleRequest(NULL, Object(Config\Cache), false)
#10 /var/www/html/codeigniter4/public/index.php(67): CodeIgniter\CodeIgniter->run()
#11 {main}

Next CodeIgniter\Database\Exceptions\DatabaseException: php_network_getaddresses: getaddrinfo failed: Name or service not known in /var/www/html/codeigniter4/system/Database/MySQLi/Connection.php:215
Stack trace:
#0 /var/www/html/codeigniter4/system/Database/BaseConnection.php(382): CodeIgniter\Database\MySQLi\Connection->connect(false)
#1 /var/www/html/codeigniter4/system/Database/BaseConnection.php(561): CodeIgniter\Database\BaseConnection->initialize()
#2 /var/www/html/codeigniter4/system/Database/BaseBuilder.php(1585): CodeIgniter\Database\BaseConnection->query('SELECT *\nFROM `...', Array, false)
#3 /var/www/html/codeigniter4/system/Model.php(223): CodeIgniter\Database\BaseBuilder->get()
#4 /var/www/html/codeigniter4/system/BaseModel.php(585): CodeIgniter\Model->doFindAll(0, 0)
#5 /var/www/html/codeigniter4/app/Controllers/Client.php(17): CodeIgniter\BaseModel->findAll()
#6 /var/www/html/codeigniter4/system/CodeIgniter.php(927): App\Controllers\Client->listClients()
#7 /var/www/html/codeigniter4/system/CodeIgniter.php(482): CodeIgniter\CodeIgniter->runController(Object(App\Controllers\Client))
#8 /var/www/html/codeigniter4/system/CodeIgniter.php(351): CodeIgniter\CodeIgniter->handleRequest(NULL, Object(Config\Cache), false)
#9 /var/www/html/codeigniter4/public/index.php(67): CodeIgniter\CodeIgniter->run()
#10 {main}
CRITICAL - 2022-11-30 06:34:11 --> Unable to connect to the database.
Main connection [MySQLi]: php_network_getaddresses: getaddrinfo failed: Name or service not known
in SYSTEMPATH/Database/BaseConnection.php on line 418.
 1 SYSTEMPATH/Database/BaseConnection.php(561): CodeIgniter\Database\BaseConnection->initialize()
 2 SYSTEMPATH/Database/BaseBuilder.php(1585): CodeIgniter\Database\BaseConnection->query('SELECT *
FROM `clients`', [], false)
 3 SYSTEMPATH/Model.php(223): CodeIgniter\Database\BaseBuilder->get()
 4 SYSTEMPATH/BaseModel.php(585): CodeIgniter\Model->doFindAll(0, 0)
 5 APPPATH/Controllers/Client.php(17): CodeIgniter\BaseModel->findAll()
 6 SYSTEMPATH/CodeIgniter.php(927): App\Controllers\Client->listClients()
 7 SYSTEMPATH/CodeIgniter.php(482): CodeIgniter\CodeIgniter->runController(Object(App\Controllers\Client))
 8 SYSTEMPATH/CodeIgniter.php(351): CodeIgniter\CodeIgniter->handleRequest(null, Object(Config\Cache), false)
 9 FCPATH/index.php(67): CodeIgniter\CodeIgniter->run()
ERROR - 2022-11-30 06:36:44 --> Error connecting to the database: ErrorException: mysqli::real_connect(): php_network_getaddresses: getaddrinfo failed: Name or service not known in /var/www/html/codeigniter4/system/Database/MySQLi/Connection.php:171
Stack trace:
#0 [internal function]: CodeIgniter\Debug\Exceptions->errorHandler(2, 'mysqli::real_co...', '/var/www/html/c...', 171)
#1 /var/www/html/codeigniter4/system/Database/MySQLi/Connection.php(171): mysqli->real_connect('db', 'root', '1q2w3e4r5t', 'pw_exemple', 3306, '', 0)
#2 /var/www/html/codeigniter4/system/Database/BaseConnection.php(382): CodeIgniter\Database\MySQLi\Connection->connect(false)
#3 /var/www/html/codeigniter4/system/Database/BaseConnection.php(561): CodeIgniter\Database\BaseConnection->initialize()
#4 /var/www/html/codeigniter4/system/Database/BaseBuilder.php(1585): CodeIgniter\Database\BaseConnection->query('SELECT *\nFROM `...', Array, false)
#5 /var/www/html/codeigniter4/system/Model.php(250): CodeIgniter\Database\BaseBuilder->get()
#6 /var/www/html/codeigniter4/system/BaseModel.php(623): CodeIgniter\Model->doFirst()
#7 /var/www/html/codeigniter4/app/Models/UserModel.php(12): CodeIgniter\BaseModel->first()
#8 /var/www/html/codeigniter4/app/Controllers/Admin/User.php(16): App\Models\UserModel->getUser('adm')
#9 /var/www/html/codeigniter4/system/CodeIgniter.php(927): App\Controllers\Admin\User->validateLogin()
#10 /var/www/html/codeigniter4/system/CodeIgniter.php(482): CodeIgniter\CodeIgniter->runController(Object(App\Controllers\Admin\User))
#11 /var/www/html/codeigniter4/system/CodeIgniter.php(351): CodeIgniter\CodeIgniter->handleRequest(NULL, Object(Config\Cache), false)
#12 /var/www/html/codeigniter4/public/index.php(67): CodeIgniter\CodeIgniter->run()
#13 {main}

Next mysqli_sql_exception: php_network_getaddresses: getaddrinfo failed: Name or service not known in /var/www/html/codeigniter4/system/Database/MySQLi/Connection.php:171
Stack trace:
#0 /var/www/html/codeigniter4/system/Database/MySQLi/Connection.php(171): mysqli->real_connect('db', 'root', '1q2w3e4r5t', 'pw_exemple', 3306, '', 0)
#1 /var/www/html/codeigniter4/system/Database/BaseConnection.php(382): CodeIgniter\Database\MySQLi\Connection->connect(false)
#2 /var/www/html/codeigniter4/system/Database/BaseConnection.php(561): CodeIgniter\Database\BaseConnection->initialize()
#3 /var/www/html/codeigniter4/system/Database/BaseBuilder.php(1585): CodeIgniter\Database\BaseConnection->query('SELECT *\nFROM `...', Array, false)
#4 /var/www/html/codeigniter4/system/Model.php(250): CodeIgniter\Database\BaseBuilder->get()
#5 /var/www/html/codeigniter4/system/BaseModel.php(623): CodeIgniter\Model->doFirst()
#6 /var/www/html/codeigniter4/app/Models/UserModel.php(12): CodeIgniter\BaseModel->first()
#7 /var/www/html/codeigniter4/app/Controllers/Admin/User.php(16): App\Models\UserModel->getUser('adm')
#8 /var/www/html/codeigniter4/system/CodeIgniter.php(927): App\Controllers\Admin\User->validateLogin()
#9 /var/www/html/codeigniter4/system/CodeIgniter.php(482): CodeIgniter\CodeIgniter->runController(Object(App\Controllers\Admin\User))
#10 /var/www/html/codeigniter4/system/CodeIgniter.php(351): CodeIgniter\CodeIgniter->handleRequest(NULL, Object(Config\Cache), false)
#11 /var/www/html/codeigniter4/public/index.php(67): CodeIgniter\CodeIgniter->run()
#12 {main}

Next CodeIgniter\Database\Exceptions\DatabaseException: php_network_getaddresses: getaddrinfo failed: Name or service not known in /var/www/html/codeigniter4/system/Database/MySQLi/Connection.php:215
Stack trace:
#0 /var/www/html/codeigniter4/system/Database/BaseConnection.php(382): CodeIgniter\Database\MySQLi\Connection->connect(false)
#1 /var/www/html/codeigniter4/system/Database/BaseConnection.php(561): CodeIgniter\Database\BaseConnection->initialize()
#2 /var/www/html/codeigniter4/system/Database/BaseBuilder.php(1585): CodeIgniter\Database\BaseConnection->query('SELECT *\nFROM `...', Array, false)
#3 /var/www/html/codeigniter4/system/Model.php(250): CodeIgniter\Database\BaseBuilder->get()
#4 /var/www/html/codeigniter4/system/BaseModel.php(623): CodeIgniter\Model->doFirst()
#5 /var/www/html/codeigniter4/app/Models/UserModel.php(12): CodeIgniter\BaseModel->first()
#6 /var/www/html/codeigniter4/app/Controllers/Admin/User.php(16): App\Models\UserModel->getUser('adm')
#7 /var/www/html/codeigniter4/system/CodeIgniter.php(927): App\Controllers\Admin\User->validateLogin()
#8 /var/www/html/codeigniter4/system/CodeIgniter.php(482): CodeIgniter\CodeIgniter->runController(Object(App\Controllers\Admin\User))
#9 /var/www/html/codeigniter4/system/CodeIgniter.php(351): CodeIgniter\CodeIgniter->handleRequest(NULL, Object(Config\Cache), false)
#10 /var/www/html/codeigniter4/public/index.php(67): CodeIgniter\CodeIgniter->run()
#11 {main}
CRITICAL - 2022-11-30 06:36:44 --> Unable to connect to the database.
Main connection [MySQLi]: php_network_getaddresses: getaddrinfo failed: Name or service not known
in SYSTEMPATH/Database/BaseConnection.php on line 418.
 1 SYSTEMPATH/Database/BaseConnection.php(561): CodeIgniter\Database\BaseConnection->initialize()
 2 SYSTEMPATH/Database/BaseBuilder.php(1585): CodeIgniter\Database\BaseConnection->query('SELECT *
FROM `users`
WHERE `user` = :user:
 LIMIT 1', [...], false)
 3 SYSTEMPATH/Model.php(250): CodeIgniter\Database\BaseBuilder->get()
 4 SYSTEMPATH/BaseModel.php(623): CodeIgniter\Model->doFirst()
 5 APPPATH/Models/UserModel.php(12): CodeIgniter\BaseModel->first()
 6 APPPATH/Controllers/Admin/User.php(16): App\Models\UserModel->getUser('adm')
 7 SYSTEMPATH/CodeIgniter.php(927): App\Controllers\Admin\User->validateLogin()
 8 SYSTEMPATH/CodeIgniter.php(482): CodeIgniter\CodeIgniter->runController(Object(App\Controllers\Admin\User))
 9 SYSTEMPATH/CodeIgniter.php(351): CodeIgniter\CodeIgniter->handleRequest(null, Object(Config\Cache), false)
10 FCPATH/index.php(67): CodeIgniter\CodeIgniter->run()
ERROR - 2022-11-30 06:47:27 --> mysqli_sql_exception: Unknown column 'clients.id' in 'where clause' in /var/www/html/codeigniter4/system/Database/MySQLi/Connection.php:292
Stack trace:
#0 /var/www/html/codeigniter4/system/Database/MySQLi/Connection.php(292): mysqli->query('SELECT *\nFROM `...', 0)
#1 /var/www/html/codeigniter4/system/Database/BaseConnection.php(666): CodeIgniter\Database\MySQLi\Connection->execute('SELECT *\nFROM `...')
#2 /var/www/html/codeigniter4/system/Database/BaseConnection.php(593): CodeIgniter\Database\BaseConnection->simpleQuery('SELECT *\nFROM `...')
#3 /var/www/html/codeigniter4/system/Database/BaseBuilder.php(1585): CodeIgniter\Database\BaseConnection->query('SELECT *\nFROM `...', Array, false)
#4 /var/www/html/codeigniter4/system/Model.php(182): CodeIgniter\Database\BaseBuilder->get()
#5 /var/www/html/codeigniter4/system/BaseModel.php(524): CodeIgniter\Model->doFind(true, '1')
#6 /var/www/html/codeigniter4/app/Controllers/Admin/Client.php(50): CodeIgniter\BaseModel->find('1')
#7 /var/www/html/codeigniter4/system/CodeIgniter.php(927): App\Controllers\Admin\Client->updateClient('1')
#8 /var/www/html/codeigniter4/system/CodeIgniter.php(482): CodeIgniter\CodeIgniter->runController(Object(App\Controllers\Admin\Client))
#9 /var/www/html/codeigniter4/system/CodeIgniter.php(351): CodeIgniter\CodeIgniter->handleRequest(NULL, Object(Config\Cache), false)
#10 /var/www/html/codeigniter4/public/index.php(67): CodeIgniter\CodeIgniter->run()
#11 {main}
CRITICAL - 2022-11-30 06:47:27 --> Unknown column 'clients.id' in 'where clause'
in SYSTEMPATH/Database/MySQLi/Connection.php on line 292.
 1 SYSTEMPATH/Database/MySQLi/Connection.php(292): mysqli->query('SELECT *
FROM `clients`
WHERE `clients`.`id` = \'1\'', 0)
 2 SYSTEMPATH/Database/BaseConnection.php(666): CodeIgniter\Database\MySQLi\Connection->execute('SELECT *
FROM `clients`
WHERE `clients`.`id` = \'1\'')
 3 SYSTEMPATH/Database/BaseConnection.php(593): CodeIgniter\Database\BaseConnection->simpleQuery('SELECT *
FROM `clients`
WHERE `clients`.`id` = \'1\'')
 4 SYSTEMPATH/Database/BaseBuilder.php(1585): CodeIgniter\Database\BaseConnection->query('SELECT *
FROM `clients`
WHERE `clients`.`id` = :clients.id:', [...], false)
 5 SYSTEMPATH/Model.php(182): CodeIgniter\Database\BaseBuilder->get()
 6 SYSTEMPATH/BaseModel.php(524): CodeIgniter\Model->doFind(true, '1')
 7 APPPATH/Controllers/Admin/Client.php(50): CodeIgniter\BaseModel->find('1')
 8 SYSTEMPATH/CodeIgniter.php(927): App\Controllers\Admin\Client->updateClient('1')
 9 SYSTEMPATH/CodeIgniter.php(482): CodeIgniter\CodeIgniter->runController(Object(App\Controllers\Admin\Client))
10 SYSTEMPATH/CodeIgniter.php(351): CodeIgniter\CodeIgniter->handleRequest(null, Object(Config\Cache), false)
11 FCPATH/index.php(67): CodeIgniter\CodeIgniter->run()
ERROR - 2022-11-30 06:47:51 --> mysqli_sql_exception: Unknown column 'clients.id' in 'where clause' in /var/www/html/codeigniter4/system/Database/MySQLi/Connection.php:292
Stack trace:
#0 /var/www/html/codeigniter4/system/Database/MySQLi/Connection.php(292): mysqli->query('SELECT *\nFROM `...', 0)
#1 /var/www/html/codeigniter4/system/Database/BaseConnection.php(666): CodeIgniter\Database\MySQLi\Connection->execute('SELECT *\nFROM `...')
#2 /var/www/html/codeigniter4/system/Database/BaseConnection.php(593): CodeIgniter\Database\BaseConnection->simpleQuery('SELECT *\nFROM `...')
#3 /var/www/html/codeigniter4/system/Database/BaseBuilder.php(1585): CodeIgniter\Database\BaseConnection->query('SELECT *\nFROM `...', Array, false)
#4 /var/www/html/codeigniter4/system/Model.php(182): CodeIgniter\Database\BaseBuilder->get()
#5 /var/www/html/codeigniter4/system/BaseModel.php(524): CodeIgniter\Model->doFind(true, '1')
#6 /var/www/html/codeigniter4/app/Controllers/Admin/Client.php(50): CodeIgniter\BaseModel->find('1')
#7 /var/www/html/codeigniter4/system/CodeIgniter.php(927): App\Controllers\Admin\Client->updateClient('1')
#8 /var/www/html/codeigniter4/system/CodeIgniter.php(482): CodeIgniter\CodeIgniter->runController(Object(App\Controllers\Admin\Client))
#9 /var/www/html/codeigniter4/system/CodeIgniter.php(351): CodeIgniter\CodeIgniter->handleRequest(NULL, Object(Config\Cache), false)
#10 /var/www/html/codeigniter4/public/index.php(67): CodeIgniter\CodeIgniter->run()
#11 {main}
CRITICAL - 2022-11-30 06:47:51 --> Unknown column 'clients.id' in 'where clause'
in SYSTEMPATH/Database/MySQLi/Connection.php on line 292.
 1 SYSTEMPATH/Database/MySQLi/Connection.php(292): mysqli->query('SELECT *
FROM `clients`
WHERE `clients`.`id` = \'1\'', 0)
 2 SYSTEMPATH/Database/BaseConnection.php(666): CodeIgniter\Database\MySQLi\Connection->execute('SELECT *
FROM `clients`
WHERE `clients`.`id` = \'1\'')
 3 SYSTEMPATH/Database/BaseConnection.php(593): CodeIgniter\Database\BaseConnection->simpleQuery('SELECT *
FROM `clients`
WHERE `clients`.`id` = \'1\'')
 4 SYSTEMPATH/Database/BaseBuilder.php(1585): CodeIgniter\Database\BaseConnection->query('SELECT *
FROM `clients`
WHERE `clients`.`id` = :clients.id:', [...], false)
 5 SYSTEMPATH/Model.php(182): CodeIgniter\Database\BaseBuilder->get()
 6 SYSTEMPATH/BaseModel.php(524): CodeIgniter\Model->doFind(true, '1')
 7 APPPATH/Controllers/Admin/Client.php(50): CodeIgniter\BaseModel->find('1')
 8 SYSTEMPATH/CodeIgniter.php(927): App\Controllers\Admin\Client->updateClient('1')
 9 SYSTEMPATH/CodeIgniter.php(482): CodeIgniter\CodeIgniter->runController(Object(App\Controllers\Admin\Client))
10 SYSTEMPATH/CodeIgniter.php(351): CodeIgniter\CodeIgniter->handleRequest(null, Object(Config\Cache), false)
11 FCPATH/index.php(67): CodeIgniter\CodeIgniter->run()
ERROR - 2022-11-30 06:47:53 --> mysqli_sql_exception: Unknown column 'clients.id' in 'where clause' in /var/www/html/codeigniter4/system/Database/MySQLi/Connection.php:292
Stack trace:
#0 /var/www/html/codeigniter4/system/Database/MySQLi/Connection.php(292): mysqli->query('SELECT *\nFROM `...', 0)
#1 /var/www/html/codeigniter4/system/Database/BaseConnection.php(666): CodeIgniter\Database\MySQLi\Connection->execute('SELECT *\nFROM `...')
#2 /var/www/html/codeigniter4/system/Database/BaseConnection.php(593): CodeIgniter\Database\BaseConnection->simpleQuery('SELECT *\nFROM `...')
#3 /var/www/html/codeigniter4/system/Database/BaseBuilder.php(1585): CodeIgniter\Database\BaseConnection->query('SELECT *\nFROM `...', Array, false)
#4 /var/www/html/codeigniter4/system/Model.php(182): CodeIgniter\Database\BaseBuilder->get()
#5 /var/www/html/codeigniter4/system/BaseModel.php(524): CodeIgniter\Model->doFind(true, '1')
#6 /var/www/html/codeigniter4/app/Controllers/Admin/Client.php(50): CodeIgniter\BaseModel->find('1')
#7 /var/www/html/codeigniter4/system/CodeIgniter.php(927): App\Controllers\Admin\Client->updateClient('1')
#8 /var/www/html/codeigniter4/system/CodeIgniter.php(482): CodeIgniter\CodeIgniter->runController(Object(App\Controllers\Admin\Client))
#9 /var/www/html/codeigniter4/system/CodeIgniter.php(351): CodeIgniter\CodeIgniter->handleRequest(NULL, Object(Config\Cache), false)
#10 /var/www/html/codeigniter4/public/index.php(67): CodeIgniter\CodeIgniter->run()
#11 {main}
CRITICAL - 2022-11-30 06:47:53 --> Unknown column 'clients.id' in 'where clause'
in SYSTEMPATH/Database/MySQLi/Connection.php on line 292.
 1 SYSTEMPATH/Database/MySQLi/Connection.php(292): mysqli->query('SELECT *
FROM `clients`
WHERE `clients`.`id` = \'1\'', 0)
 2 SYSTEMPATH/Database/BaseConnection.php(666): CodeIgniter\Database\MySQLi\Connection->execute('SELECT *
FROM `clients`
WHERE `clients`.`id` = \'1\'')
 3 SYSTEMPATH/Database/BaseConnection.php(593): CodeIgniter\Database\BaseConnection->simpleQuery('SELECT *
FROM `clients`
WHERE `clients`.`id` = \'1\'')
 4 SYSTEMPATH/Database/BaseBuilder.php(1585): CodeIgniter\Database\BaseConnection->query('SELECT *
FROM `clients`
WHERE `clients`.`id` = :clients.id:', [...], false)
 5 SYSTEMPATH/Model.php(182): CodeIgniter\Database\BaseBuilder->get()
 6 SYSTEMPATH/BaseModel.php(524): CodeIgniter\Model->doFind(true, '1')
 7 APPPATH/Controllers/Admin/Client.php(50): CodeIgniter\BaseModel->find('1')
 8 SYSTEMPATH/CodeIgniter.php(927): App\Controllers\Admin\Client->updateClient('1')
 9 SYSTEMPATH/CodeIgniter.php(482): CodeIgniter\CodeIgniter->runController(Object(App\Controllers\Admin\Client))
10 SYSTEMPATH/CodeIgniter.php(351): CodeIgniter\CodeIgniter->handleRequest(null, Object(Config\Cache), false)
11 FCPATH/index.php(67): CodeIgniter\CodeIgniter->run()
ERROR - 2022-11-30 06:47:58 --> mysqli_sql_exception: Unknown column 'clients.id' in 'where clause' in /var/www/html/codeigniter4/system/Database/MySQLi/Connection.php:292
Stack trace:
#0 /var/www/html/codeigniter4/system/Database/MySQLi/Connection.php(292): mysqli->query('SELECT *\nFROM `...', 0)
#1 /var/www/html/codeigniter4/system/Database/BaseConnection.php(666): CodeIgniter\Database\MySQLi\Connection->execute('SELECT *\nFROM `...')
#2 /var/www/html/codeigniter4/system/Database/BaseConnection.php(593): CodeIgniter\Database\BaseConnection->simpleQuery('SELECT *\nFROM `...')
#3 /var/www/html/codeigniter4/system/Database/BaseBuilder.php(1585): CodeIgniter\Database\BaseConnection->query('SELECT *\nFROM `...', Array, false)
#4 /var/www/html/codeigniter4/system/Model.php(182): CodeIgniter\Database\BaseBuilder->get()
#5 /var/www/html/codeigniter4/system/BaseModel.php(524): CodeIgniter\Model->doFind(true, '1')
#6 /var/www/html/codeigniter4/app/Controllers/Admin/Client.php(50): CodeIgniter\BaseModel->find('1')
#7 /var/www/html/codeigniter4/system/CodeIgniter.php(927): App\Controllers\Admin\Client->updateClient('1')
#8 /var/www/html/codeigniter4/system/CodeIgniter.php(482): CodeIgniter\CodeIgniter->runController(Object(App\Controllers\Admin\Client))
#9 /var/www/html/codeigniter4/system/CodeIgniter.php(351): CodeIgniter\CodeIgniter->handleRequest(NULL, Object(Config\Cache), false)
#10 /var/www/html/codeigniter4/public/index.php(67): CodeIgniter\CodeIgniter->run()
#11 {main}
CRITICAL - 2022-11-30 06:47:58 --> Unknown column 'clients.id' in 'where clause'
in SYSTEMPATH/Database/MySQLi/Connection.php on line 292.
 1 SYSTEMPATH/Database/MySQLi/Connection.php(292): mysqli->query('SELECT *
FROM `clients`
WHERE `clients`.`id` = \'1\'', 0)
 2 SYSTEMPATH/Database/BaseConnection.php(666): CodeIgniter\Database\MySQLi\Connection->execute('SELECT *
FROM `clients`
WHERE `clients`.`id` = \'1\'')
 3 SYSTEMPATH/Database/BaseConnection.php(593): CodeIgniter\Database\BaseConnection->simpleQuery('SELECT *
FROM `clients`
WHERE `clients`.`id` = \'1\'')
 4 SYSTEMPATH/Database/BaseBuilder.php(1585): CodeIgniter\Database\BaseConnection->query('SELECT *
FROM `clients`
WHERE `clients`.`id` = :clients.id:', [...], false)
 5 SYSTEMPATH/Model.php(182): CodeIgniter\Database\BaseBuilder->get()
 6 SYSTEMPATH/BaseModel.php(524): CodeIgniter\Model->doFind(true, '1')
 7 APPPATH/Controllers/Admin/Client.php(50): CodeIgniter\BaseModel->find('1')
 8 SYSTEMPATH/CodeIgniter.php(927): App\Controllers\Admin\Client->updateClient('1')
 9 SYSTEMPATH/CodeIgniter.php(482): CodeIgniter\CodeIgniter->runController(Object(App\Controllers\Admin\Client))
10 SYSTEMPATH/CodeIgniter.php(351): CodeIgniter\CodeIgniter->handleRequest(null, Object(Config\Cache), false)
11 FCPATH/index.php(67): CodeIgniter\CodeIgniter->run()
CRITICAL - 2022-11-30 06:51:24 --> Undefined variable $arrayClients
in APPPATH/Views/admin/client/updateClient.php on line 2.
 1 APPPATH/Views/admin/client/updateClient.php(2): CodeIgniter\Debug\Exceptions->errorHandler(2, 'Undefined variable $arrayClients', 'APPPATH/Views/admin/client/updateClient.php', 2)
 2 SYSTEMPATH/View/View.php(213): include('APPPATH/Views/admin/client/updateClient.php')
 3 SYSTEMPATH/View/View.php(216): CodeIgniter\View\View->CodeIgniter\View\{closure}()
 4 SYSTEMPATH/Common.php(1134): CodeIgniter\View\View->render('admin/client/updateClient', [], true)
 5 APPPATH/Controllers/Admin/Client.php(54): view('admin/client/updateClient', [...])
 6 SYSTEMPATH/CodeIgniter.php(927): App\Controllers\Admin\Client->updateClient('1')
 7 SYSTEMPATH/CodeIgniter.php(482): CodeIgniter\CodeIgniter->runController(Object(App\Controllers\Admin\Client))
 8 SYSTEMPATH/CodeIgniter.php(351): CodeIgniter\CodeIgniter->handleRequest(null, Object(Config\Cache), false)
 9 FCPATH/index.php(67): CodeIgniter\CodeIgniter->run()
CRITICAL - 2022-11-30 07:02:01 --> Call to undefined function base_controller()
in APPPATH/Views/admin/client/updateClient.php on line 2.
 1 SYSTEMPATH/View/View.php(213): include()
 2 SYSTEMPATH/View/View.php(216): CodeIgniter\View\View->CodeIgniter\View\{closure}()
 3 SYSTEMPATH/Common.php(1134): CodeIgniter\View\View->render('admin/client/updateClient', [], true)
 4 APPPATH/Controllers/Admin/Client.php(54): view('admin/client/updateClient', [...])
 5 SYSTEMPATH/CodeIgniter.php(927): App\Controllers\Admin\Client->updateClient('1')
 6 SYSTEMPATH/CodeIgniter.php(482): CodeIgniter\CodeIgniter->runController(Object(App\Controllers\Admin\Client))
 7 SYSTEMPATH/CodeIgniter.php(351): CodeIgniter\CodeIgniter->handleRequest(null, Object(Config\Cache), false)
 8 FCPATH/index.php(67): CodeIgniter\CodeIgniter->run()
CRITICAL - 2022-11-30 07:02:55 --> syntax error, unexpected double-quoted string " method="
in APPPATH/Views/admin/client/updateClient.php on line 2.
 1 SYSTEMPATH/View/View.php(216): CodeIgniter\View\View->CodeIgniter\View\{closure}()
 2 SYSTEMPATH/Common.php(1134): CodeIgniter\View\View->render('admin/client/updateClient', [], true)
 3 APPPATH/Controllers/Admin/Client.php(54): view('admin/client/updateClient', [...])
 4 SYSTEMPATH/CodeIgniter.php(927): App\Controllers\Admin\Client->updateClient('1')
 5 SYSTEMPATH/CodeIgniter.php(482): CodeIgniter\CodeIgniter->runController(Object(App\Controllers\Admin\Client))
 6 SYSTEMPATH/CodeIgniter.php(351): CodeIgniter\CodeIgniter->handleRequest(null, Object(Config\Cache), false)
 7 FCPATH/index.php(67): CodeIgniter\CodeIgniter->run()
CRITICAL - 2022-11-30 07:02:58 --> syntax error, unexpected double-quoted string " method="
in APPPATH/Views/admin/client/updateClient.php on line 2.
 1 SYSTEMPATH/View/View.php(216): CodeIgniter\View\View->CodeIgniter\View\{closure}()
 2 SYSTEMPATH/Common.php(1134): CodeIgniter\View\View->render('admin/client/updateClient', [], true)
 3 APPPATH/Controllers/Admin/Client.php(54): view('admin/client/updateClient', [...])
 4 SYSTEMPATH/CodeIgniter.php(927): App\Controllers\Admin\Client->updateClient('1')
 5 SYSTEMPATH/CodeIgniter.php(482): CodeIgniter\CodeIgniter->runController(Object(App\Controllers\Admin\Client))
 6 SYSTEMPATH/CodeIgniter.php(351): CodeIgniter\CodeIgniter->handleRequest(null, Object(Config\Cache), false)
 7 FCPATH/index.php(67): CodeIgniter\CodeIgniter->run()
CRITICAL - 2022-11-30 07:03:07 --> Call to undefined function base_controller()
in APPPATH/Views/admin/client/updateClient.php on line 2.
 1 SYSTEMPATH/View/View.php(213): include()
 2 SYSTEMPATH/View/View.php(216): CodeIgniter\View\View->CodeIgniter\View\{closure}()
 3 SYSTEMPATH/Common.php(1134): CodeIgniter\View\View->render('admin/client/updateClient', [], true)
 4 APPPATH/Controllers/Admin/Client.php(54): view('admin/client/updateClient', [...])
 5 SYSTEMPATH/CodeIgniter.php(927): App\Controllers\Admin\Client->updateClient('1')
 6 SYSTEMPATH/CodeIgniter.php(482): CodeIgniter\CodeIgniter->runController(Object(App\Controllers\Admin\Client))
 7 SYSTEMPATH/CodeIgniter.php(351): CodeIgniter\CodeIgniter->handleRequest(null, Object(Config\Cache), false)
 8 FCPATH/index.php(67): CodeIgniter\CodeIgniter->run()
CRITICAL - 2022-11-30 07:04:37 --> Call to undefined function base_controller()
in APPPATH/Views/admin/client/updateClient.php on line 2.
 1 SYSTEMPATH/View/View.php(213): include()
 2 SYSTEMPATH/View/View.php(216): CodeIgniter\View\View->CodeIgniter\View\{closure}()
 3 SYSTEMPATH/Common.php(1134): CodeIgniter\View\View->render('admin/client/updateClient', [], true)
 4 APPPATH/Controllers/Admin/Client.php(54): view('admin/client/updateClient', [...])
 5 SYSTEMPATH/CodeIgniter.php(927): App\Controllers\Admin\Client->updateClient('1')
 6 SYSTEMPATH/CodeIgniter.php(482): CodeIgniter\CodeIgniter->runController(Object(App\Controllers\Admin\Client))
 7 SYSTEMPATH/CodeIgniter.php(351): CodeIgniter\CodeIgniter->handleRequest(null, Object(Config\Cache), false)
 8 FCPATH/index.php(67): CodeIgniter\CodeIgniter->run()
CRITICAL - 2022-11-30 07:04:48 --> Call to undefined function base_controller()
in APPPATH/Views/admin/client/updateClient.php on line 2.
 1 SYSTEMPATH/View/View.php(213): include()
 2 SYSTEMPATH/View/View.php(216): CodeIgniter\View\View->CodeIgniter\View\{closure}()
 3 SYSTEMPATH/Common.php(1134): CodeIgniter\View\View->render('admin/client/updateClient', [], true)
 4 APPPATH/Controllers/Admin/Client.php(54): view('admin/client/updateClient', [...])
 5 SYSTEMPATH/CodeIgniter.php(927): App\Controllers\Admin\Client->updateClient('1')
 6 SYSTEMPATH/CodeIgniter.php(482): CodeIgniter\CodeIgniter->runController(Object(App\Controllers\Admin\Client))
 7 SYSTEMPATH/CodeIgniter.php(351): CodeIgniter\CodeIgniter->handleRequest(null, Object(Config\Cache), false)
 8 FCPATH/index.php(67): CodeIgniter\CodeIgniter->run()
CRITICAL - 2022-11-30 07:07:04 --> Undefined variable $client
in APPPATH/Views/admin/client/updateClient.php on line 2.
 1 APPPATH/Views/admin/client/updateClient.php(2): CodeIgniter\Debug\Exceptions->errorHandler(2, 'Undefined variable $client', 'APPPATH/Views/admin/client/updateClient.php', 2)
 2 SYSTEMPATH/View/View.php(213): include('APPPATH/Views/admin/client/updateClient.php')
 3 SYSTEMPATH/View/View.php(216): CodeIgniter\View\View->CodeIgniter\View\{closure}()
 4 SYSTEMPATH/Common.php(1134): CodeIgniter\View\View->render('admin/client/updateClient', [], true)
 5 APPPATH/Controllers/Admin/Client.php(54): view('admin/client/updateClient', [...])
 6 SYSTEMPATH/CodeIgniter.php(927): App\Controllers\Admin\Client->updateClient('1')
 7 SYSTEMPATH/CodeIgniter.php(482): CodeIgniter\CodeIgniter->runController(Object(App\Controllers\Admin\Client))
 8 SYSTEMPATH/CodeIgniter.php(351): CodeIgniter\CodeIgniter->handleRequest(null, Object(Config\Cache), false)
 9 FCPATH/index.php(67): CodeIgniter\CodeIgniter->run()
